2023-03-24T12:45:42.853520Z 0 [Warning] TIMESTAMP with implicit DEFAULT value is deprecated. Please use --explicit_defaults_for_timestamp server option (see documentation for more details).
2023-03-24T12:45:42.865149Z 0 [Warning] Setting lower_case_table_names=2 because file system for /var/lib/mysql/ is case insensitive
2023-03-24T12:45:45.144893Z 0 [Warning] InnoDB: New log files created, LSN=45790
2023-03-24T12:45:45.879123Z 0 [Warning] InnoDB: Creating foreign key constraint system tables.
2023-03-24T12:45:45.982640Z 0 [Warning] No existing UUID has been found, so we assume that this is the first time that this server has been started. Generating a new UUID: cbd5d0e8-ca41-11ed-80ad-0242ac130002.
2023-03-24T12:45:45.990515Z 0 [Warning] Gtid table is not ready to be used. Table 'mysql.gtid_executed' cannot be opened.
2023-03-24T12:45:46.373213Z 0 [Warning] A deprecated TLS version TLSv1 is enabled. Please use TLSv1.2 or higher.
2023-03-24T12:45:46.374050Z 0 [Warning] A deprecated TLS version TLSv1.1 is enabled. Please use TLSv1.2 or higher.
2023-03-24T12:45:46.381030Z 0 [Warning] CA certificate ca.pem is self signed.
2023-03-24T12:45:46.486519Z 1 [Warning] root@localhost is created with an empty password ! Please consider switching off the --initialize-insecure option.
2023-03-24T12:45:57.241641Z 0 [Warning] TIMESTAMP with implicit DEFAULT value is deprecated. Please use --explicit_defaults_for_timestamp server option (see documentation for more details).
2023-03-24T12:45:57.253472Z 0 [Note] mysqld (mysqld 5.7.41) starting as process 126 ...
2023-03-24T12:45:57.265862Z 0 [Warning] Setting lower_case_table_names=2 because file system for /var/lib/mysql/ is case insensitive
2023-03-24T12:45:57.272877Z 0 [Note] InnoDB: PUNCH HOLE support available
2023-03-24T12:45:57.273753Z 0 [Note] InnoDB: Mutexes and rw_locks use GCC atomic builtins
2023-03-24T12:45:57.274513Z 0 [Note] InnoDB: Uses event mutexes
2023-03-24T12:45:57.275268Z 0 [Note] InnoDB: GCC builtin __atomic_thread_fence() is used for memory barrier
2023-03-24T12:45:57.275848Z 0 [Note] InnoDB: Compressed tables use zlib 1.2.12
2023-03-24T12:45:57.276475Z 0 [Note] InnoDB: Using Linux native AIO
2023-03-24T12:45:57.277703Z 0 [Note] InnoDB: Number of pools: 1
2023-03-24T12:45:57.278518Z 0 [Note] InnoDB: Using CPU crc32 instructions
2023-03-24T12:45:57.281082Z 0 [Note] InnoDB: Initializing buffer pool, total size = 128M, instances = 1, chunk size = 128M
2023-03-24T12:45:57.293654Z 0 [Note] InnoDB: Completed initialization of buffer pool
2023-03-24T12:45:57.297110Z 0 [Note] InnoDB: If the mysqld execution user is authorized, page cleaner thread priority can be changed. See the man page of setpriority().
2023-03-24T12:45:57.358674Z 0 [Note] InnoDB: Highest supported file format is Barracuda.
2023-03-24T12:45:57.470234Z 0 [Note] InnoDB: Creating shared tablespace for temporary tables
2023-03-24T12:45:57.473635Z 0 [Note] InnoDB: Setting file './ibtmp1' size to 12 MB. Physically writing the file full; Please wait ...
2023-03-24T12:45:57.595853Z 0 [Note] InnoDB: File './ibtmp1' size is now 12 MB.
2023-03-24T12:45:57.614816Z 0 [Note] InnoDB: 96 redo rollback segment(s) found. 96 redo rollback segment(s) are active.
2023-03-24T12:45:57.615621Z 0 [Note] InnoDB: 32 non-redo rollback segment(s) are active.
2023-03-24T12:45:57.616717Z 0 [Note] InnoDB: Waiting for purge to start
2023-03-24T12:45:57.668317Z 0 [Note] InnoDB: 5.7.41 started; log sequence number 2763378
2023-03-24T12:45:57.670053Z 0 [Note] Plugin 'FEDERATED' is disabled.
2023-03-24T12:45:57.670500Z 0 [Note] InnoDB: Loading buffer pool(s) from /var/lib/mysql/ib_buffer_pool
2023-03-24T12:45:57.709862Z 0 [Note] Found ca.pem, server-cert.pem and server-key.pem in data directory. Trying to enable SSL support using them.
2023-03-24T12:45:57.710508Z 0 [Note] Skipping generation of SSL certificates as certificate files are present in data directory.
2023-03-24T12:45:57.711134Z 0 [Warning] A deprecated TLS version TLSv1 is enabled. Please use TLSv1.2 or higher.
2023-03-24T12:45:57.712245Z 0 [Warning] A deprecated TLS version TLSv1.1 is enabled. Please use TLSv1.2 or higher.
2023-03-24T12:45:57.717192Z 0 [Warning] CA certificate ca.pem is self signed.
2023-03-24T12:45:57.718106Z 0 [Note] Skipping generation of RSA key pair as key files are present in data directory.
2023-03-24T12:45:57.779938Z 0 [Warning] Insecure configuration for --pid-file: Location '/var/run/mysqld' in the path is accessible to all OS users. Consider choosing a different directory.
2023-03-24T12:45:57.855325Z 0 [Note] InnoDB: Buffer pool(s) load completed at 230324 21:45:57
2023-03-24T12:45:58.101536Z 0 [Note] Event Scheduler: Loaded 0 events
2023-03-24T12:45:58.102628Z 0 [Note] mysqld: ready for connections.
Version: '5.7.41'  socket: '/var/run/mysqld/mysqld.sock'  port: 0  MySQL Community Server (GPL)
2023-03-24T12:45:58.198728Z 3 [Note] InnoDB: Stopping purge
2023-03-24T12:45:58.206272Z 3 [Note] InnoDB: Resuming purge
2023-03-24T12:45:58.217955Z 3 [Note] InnoDB: Stopping purge
2023-03-24T12:45:58.225539Z 3 [Note] InnoDB: Resuming purge
2023-03-24T12:45:58.235162Z 3 [Note] InnoDB: Stopping purge
2023-03-24T12:45:58.241374Z 3 [Note] InnoDB: Resuming purge
2023-03-24T12:45:58.251308Z 3 [Note] InnoDB: Stopping purge
2023-03-24T12:45:58.259016Z 3 [Note] InnoDB: Resuming purge
2023-03-24T12:46:02.168169Z 0 [Note] Giving 0 client threads a chance to die gracefully
2023-03-24T12:46:02.168918Z 0 [Note] Shutting down slave threads
2023-03-24T12:46:02.169580Z 0 [Note] Forcefully disconnecting 0 remaining clients
2023-03-24T12:46:02.170651Z 0 [Note] Event Scheduler: Purging the queue. 0 events
2023-03-24T12:46:02.171352Z 0 [Note] Binlog end
2023-03-24T12:46:02.175793Z 0 [Note] Shutting down plugin 'ngram'
2023-03-24T12:46:02.176649Z 0 [Note] Shutting down plugin 'partition'
2023-03-24T12:46:02.177035Z 0 [Note] Shutting down plugin 'BLACKHOLE'
2023-03-24T12:46:02.177753Z 0 [Note] Shutting down plugin 'ARCHIVE'
2023-03-24T12:46:02.178633Z 0 [Note] Shutting down plugin 'PERFORMANCE_SCHEMA'
2023-03-24T12:46:02.179245Z 0 [Note] Shutting down plugin 'MRG_MYISAM'
2023-03-24T12:46:02.180156Z 0 [Note] Shutting down plugin 'MyISAM'
2023-03-24T12:46:02.180845Z 0 [Note] Shutting down plugin 'INNODB_SYS_VIRTUAL'
2023-03-24T12:46:02.181251Z 0 [Note] Shutting down plugin 'INNODB_SYS_DATAFILES'
2023-03-24T12:46:02.182064Z 0 [Note] Shutting down plugin 'INNODB_SYS_TABLESPACES'
2023-03-24T12:46:02.182721Z 0 [Note] Shutting down plugin 'INNODB_SYS_FOREIGN_COLS'
2023-03-24T12:46:02.183440Z 0 [Note] Shutting down plugin 'INNODB_SYS_FOREIGN'
2023-03-24T12:46:02.184133Z 0 [Note] Shutting down plugin 'INNODB_SYS_FIELDS'
2023-03-24T12:46:02.184636Z 0 [Note] Shutting down plugin 'INNODB_SYS_COLUMNS'
2023-03-24T12:46:02.185433Z 0 [Note] Shutting down plugin 'INNODB_SYS_INDEXES'
2023-03-24T12:46:02.186027Z 0 [Note] Shutting down plugin 'INNODB_SYS_TABLESTATS'
2023-03-24T12:46:02.186531Z 0 [Note] Shutting down plugin 'INNODB_SYS_TABLES'
2023-03-24T12:46:02.187244Z 0 [Note] Shutting down plugin 'INNODB_FT_INDEX_TABLE'
2023-03-24T12:46:02.188006Z 0 [Note] Shutting down plugin 'INNODB_FT_INDEX_CACHE'
2023-03-24T12:46:02.188625Z 0 [Note] Shutting down plugin 'INNODB_FT_CONFIG'
2023-03-24T12:46:02.189228Z 0 [Note] Shutting down plugin 'INNODB_FT_BEING_DELETED'
2023-03-24T12:46:02.189938Z 0 [Note] Shutting down plugin 'INNODB_FT_DELETED'
2023-03-24T12:46:02.190849Z 0 [Note] Shutting down plugin 'INNODB_FT_DEFAULT_STOPWORD'
2023-03-24T12:46:02.191451Z 0 [Note] Shutting down plugin 'INNODB_METRICS'
2023-03-24T12:46:02.192117Z 0 [Note] Shutting down plugin 'INNODB_TEMP_TABLE_INFO'
2023-03-24T12:46:02.192649Z 0 [Note] Shutting down plugin 'INNODB_BUFFER_POOL_STATS'
2023-03-24T12:46:02.193406Z 0 [Note] Shutting down plugin 'INNODB_BUFFER_PAGE_LRU'
2023-03-24T12:46:02.194100Z 0 [Note] Shutting down plugin 'INNODB_BUFFER_PAGE'
2023-03-24T12:46:02.194542Z 0 [Note] Shutting down plugin 'INNODB_CMP_PER_INDEX_RESET'
2023-03-24T12:46:02.195171Z 0 [Note] Shutting down plugin 'INNODB_CMP_PER_INDEX'
2023-03-24T12:46:02.195861Z 0 [Note] Shutting down plugin 'INNODB_CMPMEM_RESET'
2023-03-24T12:46:02.196429Z 0 [Note] Shutting down plugin 'INNODB_CMPMEM'
2023-03-24T12:46:02.197086Z 0 [Note] Shutting down plugin 'INNODB_CMP_RESET'
2023-03-24T12:46:02.197649Z 0 [Note] Shutting down plugin 'INNODB_CMP'
2023-03-24T12:46:02.198405Z 0 [Note] Shutting down plugin 'INNODB_LOCK_WAITS'
2023-03-24T12:46:02.198841Z 0 [Note] Shutting down plugin 'INNODB_LOCKS'
2023-03-24T12:46:02.199346Z 0 [Note] Shutting down plugin 'INNODB_TRX'
2023-03-24T12:46:02.200115Z 0 [Note] Shutting down plugin 'InnoDB'
2023-03-24T12:46:02.200868Z 0 [Note] InnoDB: FTS optimize thread exiting.
2023-03-24T12:46:02.201738Z 0 [Note] InnoDB: Starting shutdown...
2023-03-24T12:46:02.305186Z 0 [Note] InnoDB: Dumping buffer pool(s) to /var/lib/mysql/ib_buffer_pool
2023-03-24T12:46:02.340071Z 0 [Note] InnoDB: Buffer pool(s) dump completed at 230324 21:46:02
2023-03-24T12:46:03.746673Z 0 [Note] InnoDB: Shutdown completed; log sequence number 12185634
2023-03-24T12:46:03.750907Z 0 [Note] InnoDB: Removed temporary tablespace data file: "ibtmp1"
2023-03-24T12:46:03.751705Z 0 [Note] Shutting down plugin 'MEMORY'
2023-03-24T12:46:03.752561Z 0 [Note] Shutting down plugin 'CSV'
2023-03-24T12:46:03.753115Z 0 [Note] Shutting down plugin 'sha256_password'
2023-03-24T12:46:03.753744Z 0 [Note] Shutting down plugin 'mysql_native_password'
2023-03-24T12:46:03.754447Z 0 [Note] Shutting down plugin 'binlog'
2023-03-24T12:46:03.759452Z 0 [Note] mysqld: Shutdown complete

2023-03-24T12:46:04.368372Z 0 [Warning] TIMESTAMP with implicit DEFAULT value is deprecated. Please use --explicit_defaults_for_timestamp server option (see documentation for more details).
2023-03-24T12:46:04.376085Z 0 [Note] mysqld (mysqld 5.7.41) starting as process 1 ...
2023-03-24T12:46:04.383816Z 0 [Warning] Setting lower_case_table_names=2 because file system for /var/lib/mysql/ is case insensitive
2023-03-24T12:46:04.390009Z 0 [Note] InnoDB: PUNCH HOLE support available
2023-03-24T12:46:04.390870Z 0 [Note] InnoDB: Mutexes and rw_locks use GCC atomic builtins
2023-03-24T12:46:04.391660Z 0 [Note] InnoDB: Uses event mutexes
2023-03-24T12:46:04.392314Z 0 [Note] InnoDB: GCC builtin __atomic_thread_fence() is used for memory barrier
2023-03-24T12:46:04.393051Z 0 [Note] InnoDB: Compressed tables use zlib 1.2.12
2023-03-24T12:46:04.393931Z 0 [Note] InnoDB: Using Linux native AIO
2023-03-24T12:46:04.395140Z 0 [Note] InnoDB: Number of pools: 1
2023-03-24T12:46:04.396067Z 0 [Note] InnoDB: Using CPU crc32 instructions
2023-03-24T12:46:04.398720Z 0 [Note] InnoDB: Initializing buffer pool, total size = 128M, instances = 1, chunk size = 128M
2023-03-24T12:46:04.412034Z 0 [Note] InnoDB: Completed initialization of buffer pool
2023-03-24T12:46:04.415318Z 0 [Note] InnoDB: If the mysqld execution user is authorized, page cleaner thread priority can be changed. See the man page of setpriority().
2023-03-24T12:46:04.471276Z 0 [Note] InnoDB: Highest supported file format is Barracuda.
2023-03-24T12:46:04.580016Z 0 [Note] InnoDB: Creating shared tablespace for temporary tables
2023-03-24T12:46:04.583527Z 0 [Note] InnoDB: Setting file './ibtmp1' size to 12 MB. Physically writing the file full; Please wait ...
2023-03-24T12:46:04.702716Z 0 [Note] InnoDB: File './ibtmp1' size is now 12 MB.
2023-03-24T12:46:04.718775Z 0 [Note] InnoDB: 96 redo rollback segment(s) found. 96 redo rollback segment(s) are active.
2023-03-24T12:46:04.719561Z 0 [Note] InnoDB: 32 non-redo rollback segment(s) are active.
2023-03-24T12:46:04.720867Z 0 [Note] InnoDB: Waiting for purge to start
2023-03-24T12:46:04.774031Z 0 [Note] InnoDB: 5.7.41 started; log sequence number 12185634
2023-03-24T12:46:04.775761Z 0 [Note] Plugin 'FEDERATED' is disabled.
2023-03-24T12:46:04.775891Z 0 [Note] InnoDB: Loading buffer pool(s) from /var/lib/mysql/ib_buffer_pool
2023-03-24T12:46:04.808218Z 0 [Note] Found ca.pem, server-cert.pem and server-key.pem in data directory. Trying to enable SSL support using them.
2023-03-24T12:46:04.813192Z 0 [Note] Skipping generation of SSL certificates as certificate files are present in data directory.
2023-03-24T12:46:04.815342Z 0 [Warning] A deprecated TLS version TLSv1 is enabled. Please use TLSv1.2 or higher.
2023-03-24T12:46:04.816343Z 0 [Warning] A deprecated TLS version TLSv1.1 is enabled. Please use TLSv1.2 or higher.
2023-03-24T12:46:04.824347Z 0 [Warning] CA certificate ca.pem is self signed.
2023-03-24T12:46:04.825355Z 0 [Note] Skipping generation of RSA key pair as key files are present in data directory.
2023-03-24T12:46:04.831761Z 0 [Note] Server hostname (bind-address): '*'; port: 3306
2023-03-24T12:46:04.832769Z 0 [Note] IPv6 is available.
2023-03-24T12:46:04.834595Z 0 [Note]   - '::' resolves to '::';
2023-03-24T12:46:04.835692Z 0 [Note] Server socket created on IP: '::'.
2023-03-24T12:46:04.842431Z 0 [Warning] Insecure configuration for --pid-file: Location '/var/run/mysqld' in the path is accessible to all OS users. Consider choosing a different directory.
2023-03-24T12:46:04.896877Z 0 [Note] InnoDB: Buffer pool(s) load completed at 230324 21:46:04
2023-03-24T12:46:05.112038Z 0 [Note] Event Scheduler: Loaded 0 events
2023-03-24T12:46:05.112899Z 0 [Note] mysqld: ready for connections.
Version: '5.7.41'  socket: '/var/run/mysqld/mysqld.sock'  port: 3306  MySQL Community Server (GPL)
2023-03-24T13:19:31.511942Z 0 [Note] Giving 0 client threads a chance to die gracefully
2023-03-24T13:19:31.513415Z 0 [Note] Shutting down slave threads
2023-03-24T13:19:31.515917Z 0 [Note] Forcefully disconnecting 0 remaining clients
2023-03-24T13:19:31.517043Z 0 [Note] Event Scheduler: Purging the queue. 0 events
2023-03-24T13:19:31.520120Z 0 [Note] Binlog end
2023-03-24T13:19:31.522198Z 0 [Note] Shutting down plugin 'ngram'
2023-03-24T13:19:31.524328Z 0 [Note] Shutting down plugin 'partition'
2023-03-24T13:19:31.525819Z 0 [Note] Shutting down plugin 'BLACKHOLE'
2023-03-24T13:19:31.526908Z 0 [Note] Shutting down plugin 'ARCHIVE'
2023-03-24T13:19:31.528197Z 0 [Note] Shutting down plugin 'PERFORMANCE_SCHEMA'
2023-03-24T13:19:31.529536Z 0 [Note] Shutting down plugin 'MRG_MYISAM'
2023-03-24T13:19:31.530159Z 0 [Note] Shutting down plugin 'MyISAM'
2023-03-24T13:19:31.530963Z 0 [Note] Shutting down plugin 'INNODB_SYS_VIRTUAL'
2023-03-24T13:19:31.531529Z 0 [Note] Shutting down plugin 'INNODB_SYS_DATAFILES'
2023-03-24T13:19:31.532173Z 0 [Note] Shutting down plugin 'INNODB_SYS_TABLESPACES'
2023-03-24T13:19:31.533001Z 0 [Note] Shutting down plugin 'INNODB_SYS_FOREIGN_COLS'
2023-03-24T13:19:31.533814Z 0 [Note] Shutting down plugin 'INNODB_SYS_FOREIGN'
2023-03-24T13:19:31.534406Z 0 [Note] Shutting down plugin 'INNODB_SYS_FIELDS'
2023-03-24T13:19:31.535228Z 0 [Note] Shutting down plugin 'INNODB_SYS_COLUMNS'
2023-03-24T13:19:31.535926Z 0 [Note] Shutting down plugin 'INNODB_SYS_INDEXES'
2023-03-24T13:19:31.536704Z 0 [Note] Shutting down plugin 'INNODB_SYS_TABLESTATS'
2023-03-24T13:19:31.537203Z 0 [Note] Shutting down plugin 'INNODB_SYS_TABLES'
2023-03-24T13:19:31.537751Z 0 [Note] Shutting down plugin 'INNODB_FT_INDEX_TABLE'
2023-03-24T13:19:31.538359Z 0 [Note] Shutting down plugin 'INNODB_FT_INDEX_CACHE'
2023-03-24T13:19:31.538907Z 0 [Note] Shutting down plugin 'INNODB_FT_CONFIG'
2023-03-24T13:19:31.539420Z 0 [Note] Shutting down plugin 'INNODB_FT_BEING_DELETED'
2023-03-24T13:19:31.539942Z 0 [Note] Shutting down plugin 'INNODB_FT_DELETED'
2023-03-24T13:19:31.540528Z 0 [Note] Shutting down plugin 'INNODB_FT_DEFAULT_STOPWORD'
2023-03-24T13:19:31.541115Z 0 [Note] Shutting down plugin 'INNODB_METRICS'
2023-03-24T13:19:31.541777Z 0 [Note] Shutting down plugin 'INNODB_TEMP_TABLE_INFO'
2023-03-24T13:19:31.542404Z 0 [Note] Shutting down plugin 'INNODB_BUFFER_POOL_STATS'
2023-03-24T13:19:31.543064Z 0 [Note] Shutting down plugin 'INNODB_BUFFER_PAGE_LRU'
2023-03-24T13:19:31.543833Z 0 [Note] Shutting down plugin 'INNODB_BUFFER_PAGE'
2023-03-24T13:19:31.544457Z 0 [Note] Shutting down plugin 'INNODB_CMP_PER_INDEX_RESET'
2023-03-24T13:19:31.544973Z 0 [Note] Shutting down plugin 'INNODB_CMP_PER_INDEX'
2023-03-24T13:19:31.545707Z 0 [Note] Shutting down plugin 'INNODB_CMPMEM_RESET'
2023-03-24T13:19:31.546263Z 0 [Note] Shutting down plugin 'INNODB_CMPMEM'
2023-03-24T13:19:31.546869Z 0 [Note] Shutting down plugin 'INNODB_CMP_RESET'
2023-03-24T13:19:31.547445Z 0 [Note] Shutting down plugin 'INNODB_CMP'
2023-03-24T13:19:31.548197Z 0 [Note] Shutting down plugin 'INNODB_LOCK_WAITS'
2023-03-24T13:19:31.548796Z 0 [Note] Shutting down plugin 'INNODB_LOCKS'
2023-03-24T13:19:31.549458Z 0 [Note] Shutting down plugin 'INNODB_TRX'
2023-03-24T13:19:31.550106Z 0 [Note] Shutting down plugin 'InnoDB'
2023-03-24T13:19:31.550865Z 0 [Note] InnoDB: FTS optimize thread exiting.
2023-03-24T13:19:31.551607Z 0 [Note] InnoDB: Starting shutdown...
2023-03-24T13:19:31.654343Z 0 [Note] InnoDB: Dumping buffer pool(s) to /var/lib/mysql/ib_buffer_pool
2023-03-24T13:19:31.661982Z 0 [Note] InnoDB: Buffer pool(s) dump completed at 230324 22:19:31
2023-03-24T13:19:33.213294Z 0 [Note] InnoDB: Shutdown completed; log sequence number 12185662
2023-03-24T13:19:33.323395Z 0 [Note] InnoDB: Removed temporary tablespace data file: "ibtmp1"
2023-03-24T13:19:33.324488Z 0 [Note] Shutting down plugin 'MEMORY'
2023-03-24T13:19:33.325630Z 0 [Note] Shutting down plugin 'CSV'
2023-03-24T13:19:33.326617Z 0 [Note] Shutting down plugin 'sha256_password'
2023-03-24T13:19:33.327573Z 0 [Note] Shutting down plugin 'mysql_native_password'
2023-03-24T13:19:33.329318Z 0 [Note] Shutting down plugin 'binlog'
2023-03-24T13:19:33.335458Z 0 [Note] mysqld: Shutdown complete

2023-03-24T13:20:42.309654Z 0 [Warning] TIMESTAMP with implicit DEFAULT value is deprecated. Please use --explicit_defaults_for_timestamp server option (see documentation for more details).
2023-03-24T13:20:42.316560Z 0 [Note] mysqld (mysqld 5.7.41) starting as process 1 ...
2023-03-24T13:20:42.326032Z 0 [Warning] Setting lower_case_table_names=2 because file system for /var/lib/mysql/ is case insensitive
2023-03-24T13:20:42.331563Z 0 [Note] InnoDB: PUNCH HOLE support available
2023-03-24T13:20:42.332370Z 0 [Note] InnoDB: Mutexes and rw_locks use GCC atomic builtins
2023-03-24T13:20:42.333002Z 0 [Note] InnoDB: Uses event mutexes
2023-03-24T13:20:42.333969Z 0 [Note] InnoDB: GCC builtin __atomic_thread_fence() is used for memory barrier
2023-03-24T13:20:42.334597Z 0 [Note] InnoDB: Compressed tables use zlib 1.2.12
2023-03-24T13:20:42.337763Z 0 [Note] InnoDB: Using Linux native AIO
2023-03-24T13:20:42.340545Z 0 [Note] InnoDB: Number of pools: 1
2023-03-24T13:20:42.342430Z 0 [Note] InnoDB: Using CPU crc32 instructions
2023-03-24T13:20:42.345456Z 0 [Note] InnoDB: Initializing buffer pool, total size = 128M, instances = 1, chunk size = 128M
2023-03-24T13:20:42.357380Z 0 [Note] InnoDB: Completed initialization of buffer pool
2023-03-24T13:20:42.360768Z 0 [Note] InnoDB: If the mysqld execution user is authorized, page cleaner thread priority can be changed. See the man page of setpriority().
2023-03-24T13:20:42.423462Z 0 [Note] InnoDB: Highest supported file format is Barracuda.
2023-03-24T13:20:42.549740Z 0 [Note] InnoDB: Creating shared tablespace for temporary tables
2023-03-24T13:20:42.552835Z 0 [Note] InnoDB: Setting file './ibtmp1' size to 12 MB. Physically writing the file full; Please wait ...
2023-03-24T13:20:42.698434Z 0 [Note] InnoDB: File './ibtmp1' size is now 12 MB.
2023-03-24T13:20:42.718078Z 0 [Note] InnoDB: 96 redo rollback segment(s) found. 96 redo rollback segment(s) are active.
2023-03-24T13:20:42.723759Z 0 [Note] InnoDB: 32 non-redo rollback segment(s) are active.
2023-03-24T13:20:42.726879Z 0 [Note] InnoDB: Waiting for purge to start
2023-03-24T13:20:42.780162Z 0 [Note] InnoDB: 5.7.41 started; log sequence number 12185662
2023-03-24T13:20:42.781494Z 0 [Note] InnoDB: Loading buffer pool(s) from /var/lib/mysql/ib_buffer_pool
2023-03-24T13:20:42.781792Z 0 [Note] Plugin 'FEDERATED' is disabled.
2023-03-24T13:20:42.971824Z 0 [Note] Found ca.pem, server-cert.pem and server-key.pem in data directory. Trying to enable SSL support using them.
2023-03-24T13:20:42.976828Z 0 [Note] Skipping generation of SSL certificates as certificate files are present in data directory.
2023-03-24T13:20:42.979435Z 0 [Warning] A deprecated TLS version TLSv1 is enabled. Please use TLSv1.2 or higher.
2023-03-24T13:20:42.982243Z 0 [Warning] A deprecated TLS version TLSv1.1 is enabled. Please use TLSv1.2 or higher.
2023-03-24T13:20:42.986064Z 0 [Note] InnoDB: Buffer pool(s) load completed at 230324 22:20:42
2023-03-24T13:20:43.010208Z 0 [Warning] CA certificate ca.pem is self signed.
2023-03-24T13:20:43.011312Z 0 [Note] Skipping generation of RSA key pair as key files are present in data directory.
2023-03-24T13:20:43.018693Z 0 [Note] Server hostname (bind-address): '*'; port: 3306
2023-03-24T13:20:43.019676Z 0 [Note] IPv6 is available.
2023-03-24T13:20:43.020308Z 0 [Note]   - '::' resolves to '::';
2023-03-24T13:20:43.020925Z 0 [Note] Server socket created on IP: '::'.
2023-03-24T13:20:43.023944Z 0 [Warning] Insecure configuration for --pid-file: Location '/var/run/mysqld' in the path is accessible to all OS users. Consider choosing a different directory.
2023-03-24T13:20:43.542769Z 0 [Note] Event Scheduler: Loaded 0 events
2023-03-24T13:20:43.543932Z 0 [Note] mysqld: ready for connections.
Version: '5.7.41'  socket: '/var/run/mysqld/mysqld.sock'  port: 3306  MySQL Community Server (GPL)
2023-03-24T13:27:45.295908Z 0 [Note] Giving 0 client threads a chance to die gracefully
2023-03-24T13:27:45.297102Z 0 [Note] Shutting down slave threads
2023-03-24T13:27:45.297902Z 0 [Note] Forcefully disconnecting 0 remaining clients
2023-03-24T13:27:45.298552Z 0 [Note] Event Scheduler: Purging the queue. 0 events
2023-03-24T13:27:45.299329Z 0 [Note] Binlog end
2023-03-24T13:27:45.302016Z 0 [Note] Shutting down plugin 'ngram'
2023-03-24T13:27:45.304942Z 0 [Note] Shutting down plugin 'partition'
2023-03-24T13:27:45.306287Z 0 [Note] Shutting down plugin 'BLACKHOLE'
2023-03-24T13:27:45.307281Z 0 [Note] Shutting down plugin 'ARCHIVE'
2023-03-24T13:27:45.307925Z 0 [Note] Shutting down plugin 'PERFORMANCE_SCHEMA'
2023-03-24T13:27:45.308639Z 0 [Note] Shutting down plugin 'MRG_MYISAM'
2023-03-24T13:27:45.309309Z 0 [Note] Shutting down plugin 'MyISAM'
2023-03-24T13:27:45.310260Z 0 [Note] Shutting down plugin 'INNODB_SYS_VIRTUAL'
2023-03-24T13:27:45.311092Z 0 [Note] Shutting down plugin 'INNODB_SYS_DATAFILES'
2023-03-24T13:27:45.311780Z 0 [Note] Shutting down plugin 'INNODB_SYS_TABLESPACES'
2023-03-24T13:27:45.312396Z 0 [Note] Shutting down plugin 'INNODB_SYS_FOREIGN_COLS'
2023-03-24T13:27:45.313034Z 0 [Note] Shutting down plugin 'INNODB_SYS_FOREIGN'
2023-03-24T13:27:45.313611Z 0 [Note] Shutting down plugin 'INNODB_SYS_FIELDS'
2023-03-24T13:27:45.314228Z 0 [Note] Shutting down plugin 'INNODB_SYS_COLUMNS'
2023-03-24T13:27:45.314848Z 0 [Note] Shutting down plugin 'INNODB_SYS_INDEXES'
2023-03-24T13:27:45.315398Z 0 [Note] Shutting down plugin 'INNODB_SYS_TABLESTATS'
2023-03-24T13:27:45.316074Z 0 [Note] Shutting down plugin 'INNODB_SYS_TABLES'
2023-03-24T13:27:45.316799Z 0 [Note] Shutting down plugin 'INNODB_FT_INDEX_TABLE'
2023-03-24T13:27:45.317746Z 0 [Note] Shutting down plugin 'INNODB_FT_INDEX_CACHE'
2023-03-24T13:27:45.318400Z 0 [Note] Shutting down plugin 'INNODB_FT_CONFIG'
2023-03-24T13:27:45.319190Z 0 [Note] Shutting down plugin 'INNODB_FT_BEING_DELETED'
2023-03-24T13:27:45.319960Z 0 [Note] Shutting down plugin 'INNODB_FT_DELETED'
2023-03-24T13:27:45.320655Z 0 [Note] Shutting down plugin 'INNODB_FT_DEFAULT_STOPWORD'
2023-03-24T13:27:45.321224Z 0 [Note] Shutting down plugin 'INNODB_METRICS'
2023-03-24T13:27:45.321905Z 0 [Note] Shutting down plugin 'INNODB_TEMP_TABLE_INFO'
2023-03-24T13:27:45.322520Z 0 [Note] Shutting down plugin 'INNODB_BUFFER_POOL_STATS'
2023-03-24T13:27:45.323124Z 0 [Note] Shutting down plugin 'INNODB_BUFFER_PAGE_LRU'
2023-03-24T13:27:45.323812Z 0 [Note] Shutting down plugin 'INNODB_BUFFER_PAGE'
2023-03-24T13:27:45.324527Z 0 [Note] Shutting down plugin 'INNODB_CMP_PER_INDEX_RESET'
2023-03-24T13:27:45.325187Z 0 [Note] Shutting down plugin 'INNODB_CMP_PER_INDEX'
2023-03-24T13:27:45.325924Z 0 [Note] Shutting down plugin 'INNODB_CMPMEM_RESET'
2023-03-24T13:27:45.326803Z 0 [Note] Shutting down plugin 'INNODB_CMPMEM'
2023-03-24T13:27:45.327536Z 0 [Note] Shutting down plugin 'INNODB_CMP_RESET'
2023-03-24T13:27:45.328152Z 0 [Note] Shutting down plugin 'INNODB_CMP'
2023-03-24T13:27:45.328910Z 0 [Note] Shutting down plugin 'INNODB_LOCK_WAITS'
2023-03-24T13:27:45.329592Z 0 [Note] Shutting down plugin 'INNODB_LOCKS'
2023-03-24T13:27:45.330207Z 0 [Note] Shutting down plugin 'INNODB_TRX'
2023-03-24T13:27:45.330804Z 0 [Note] Shutting down plugin 'InnoDB'
2023-03-24T13:27:45.331744Z 0 [Note] InnoDB: FTS optimize thread exiting.
2023-03-24T13:27:45.332737Z 0 [Note] InnoDB: Starting shutdown...
2023-03-24T13:27:45.438894Z 0 [Note] InnoDB: Dumping buffer pool(s) to /var/lib/mysql/ib_buffer_pool
2023-03-24T13:27:45.450595Z 0 [Note] InnoDB: Buffer pool(s) dump completed at 230324 22:27:45
2023-03-24T13:27:46.982215Z 0 [Note] InnoDB: Shutdown completed; log sequence number 12185690
2023-03-24T13:27:46.989004Z 0 [Note] InnoDB: Removed temporary tablespace data file: "ibtmp1"
2023-03-24T13:27:46.990031Z 0 [Note] Shutting down plugin 'MEMORY'
2023-03-24T13:27:46.990795Z 0 [Note] Shutting down plugin 'CSV'
2023-03-24T13:27:46.991380Z 0 [Note] Shutting down plugin 'sha256_password'
2023-03-24T13:27:46.991877Z 0 [Note] Shutting down plugin 'mysql_native_password'
2023-03-24T13:27:46.992731Z 0 [Note] Shutting down plugin 'binlog'
2023-03-24T13:27:46.997916Z 0 [Note] mysqld: Shutdown complete

2023-03-24T13:40:24.292697Z 0 [Warning] TIMESTAMP with implicit DEFAULT value is deprecated. Please use --explicit_defaults_for_timestamp server option (see documentation for more details).
2023-03-24T13:40:24.304528Z 0 [Note] mysqld (mysqld 5.7.41) starting as process 1 ...
2023-03-24T13:40:24.319594Z 0 [Warning] Setting lower_case_table_names=2 because file system for /var/lib/mysql/ is case insensitive
2023-03-24T13:40:24.330718Z 0 [Note] InnoDB: PUNCH HOLE support available
2023-03-24T13:40:24.332712Z 0 [Note] InnoDB: Mutexes and rw_locks use GCC atomic builtins
2023-03-24T13:40:24.333597Z 0 [Note] InnoDB: Uses event mutexes
2023-03-24T13:40:24.336330Z 0 [Note] InnoDB: GCC builtin __atomic_thread_fence() is used for memory barrier
2023-03-24T13:40:24.337622Z 0 [Note] InnoDB: Compressed tables use zlib 1.2.12
2023-03-24T13:40:24.338241Z 0 [Note] InnoDB: Using Linux native AIO
2023-03-24T13:40:24.339412Z 0 [Note] InnoDB: Number of pools: 1
2023-03-24T13:40:24.342081Z 0 [Note] InnoDB: Using CPU crc32 instructions
2023-03-24T13:40:24.346711Z 0 [Note] InnoDB: Initializing buffer pool, total size = 128M, instances = 1, chunk size = 128M
2023-03-24T13:40:24.364128Z 0 [Note] InnoDB: Completed initialization of buffer pool
2023-03-24T13:40:24.373323Z 0 [Note] InnoDB: If the mysqld execution user is authorized, page cleaner thread priority can be changed. See the man page of setpriority().
2023-03-24T13:40:24.468408Z 0 [Note] InnoDB: Highest supported file format is Barracuda.
2023-03-24T13:40:24.628319Z 0 [Note] InnoDB: Creating shared tablespace for temporary tables
2023-03-24T13:40:24.633937Z 0 [Note] InnoDB: Setting file './ibtmp1' size to 12 MB. Physically writing the file full; Please wait ...
2023-03-24T13:40:24.774794Z 0 [Note] InnoDB: File './ibtmp1' size is now 12 MB.
2023-03-24T13:40:24.789676Z 0 [Note] InnoDB: 96 redo rollback segment(s) found. 96 redo rollback segment(s) are active.
2023-03-24T13:40:24.790579Z 0 [Note] InnoDB: 32 non-redo rollback segment(s) are active.
2023-03-24T13:40:24.792645Z 0 [Note] InnoDB: 5.7.41 started; log sequence number 12185690
2023-03-24T13:40:24.794356Z 0 [Note] InnoDB: Loading buffer pool(s) from /var/lib/mysql/ib_buffer_pool
2023-03-24T13:40:24.794508Z 0 [Note] Plugin 'FEDERATED' is disabled.
2023-03-24T13:40:24.873067Z 0 [Note] Found ca.pem, server-cert.pem and server-key.pem in data directory. Trying to enable SSL support using them.
2023-03-24T13:40:24.874783Z 0 [Note] Skipping generation of SSL certificates as certificate files are present in data directory.
2023-03-24T13:40:24.876485Z 0 [Warning] A deprecated TLS version TLSv1 is enabled. Please use TLSv1.2 or higher.
2023-03-24T13:40:24.877863Z 0 [Warning] A deprecated TLS version TLSv1.1 is enabled. Please use TLSv1.2 or higher.
2023-03-24T13:40:24.914065Z 0 [Warning] CA certificate ca.pem is self signed.
2023-03-24T13:40:24.915507Z 0 [Note] Skipping generation of RSA key pair as key files are present in data directory.
2023-03-24T13:40:24.929293Z 0 [Note] Server hostname (bind-address): '*'; port: 3306
2023-03-24T13:40:24.931164Z 0 [Note] IPv6 is available.
2023-03-24T13:40:24.932664Z 0 [Note]   - '::' resolves to '::';
2023-03-24T13:40:24.934094Z 0 [Note] Server socket created on IP: '::'.
2023-03-24T13:40:24.938563Z 0 [Note] InnoDB: Buffer pool(s) load completed at 230324 22:40:24
2023-03-24T13:40:24.938569Z 0 [Warning] Insecure configuration for --pid-file: Location '/var/run/mysqld' in the path is accessible to all OS users. Consider choosing a different directory.
2023-03-24T13:40:25.392858Z 0 [Note] Event Scheduler: Loaded 0 events
2023-03-24T13:40:25.393855Z 0 [Note] mysqld: ready for connections.
Version: '5.7.41'  socket: '/var/run/mysqld/mysqld.sock'  port: 3306  MySQL Community Server (GPL)
2023-03-24T14:53:07.223859Z 0 [Note] Giving 0 client threads a chance to die gracefully
2023-03-24T14:53:07.225464Z 0 [Note] Shutting down slave threads
2023-03-24T14:53:07.226457Z 0 [Note] Forcefully disconnecting 0 remaining clients
2023-03-24T14:53:07.227269Z 0 [Note] Event Scheduler: Purging the queue. 0 events
2023-03-24T14:53:07.228197Z 0 [Note] Binlog end
2023-03-24T14:53:07.230043Z 0 [Note] Shutting down plugin 'ngram'
2023-03-24T14:53:07.232383Z 0 [Note] Shutting down plugin 'partition'
2023-03-24T14:53:07.233784Z 0 [Note] Shutting down plugin 'BLACKHOLE'
2023-03-24T14:53:07.234568Z 0 [Note] Shutting down plugin 'ARCHIVE'
2023-03-24T14:53:07.235247Z 0 [Note] Shutting down plugin 'PERFORMANCE_SCHEMA'
2023-03-24T14:53:07.235888Z 0 [Note] Shutting down plugin 'MRG_MYISAM'
2023-03-24T14:53:07.236544Z 0 [Note] Shutting down plugin 'MyISAM'
2023-03-24T14:53:07.237184Z 0 [Note] Shutting down plugin 'INNODB_SYS_VIRTUAL'
2023-03-24T14:53:07.237958Z 0 [Note] Shutting down plugin 'INNODB_SYS_DATAFILES'
2023-03-24T14:53:07.239128Z 0 [Note] Shutting down plugin 'INNODB_SYS_TABLESPACES'
2023-03-24T14:53:07.240158Z 0 [Note] Shutting down plugin 'INNODB_SYS_FOREIGN_COLS'
2023-03-24T14:53:07.243531Z 0 [Note] Shutting down plugin 'INNODB_SYS_FOREIGN'
2023-03-24T14:53:07.244275Z 0 [Note] Shutting down plugin 'INNODB_SYS_FIELDS'
2023-03-24T14:53:07.244912Z 0 [Note] Shutting down plugin 'INNODB_SYS_COLUMNS'
2023-03-24T14:53:07.245617Z 0 [Note] Shutting down plugin 'INNODB_SYS_INDEXES'
2023-03-24T14:53:07.246386Z 0 [Note] Shutting down plugin 'INNODB_SYS_TABLESTATS'
2023-03-24T14:53:07.247133Z 0 [Note] Shutting down plugin 'INNODB_SYS_TABLES'
2023-03-24T14:53:07.247895Z 0 [Note] Shutting down plugin 'INNODB_FT_INDEX_TABLE'
2023-03-24T14:53:07.248622Z 0 [Note] Shutting down plugin 'INNODB_FT_INDEX_CACHE'
2023-03-24T14:53:07.249261Z 0 [Note] Shutting down plugin 'INNODB_FT_CONFIG'
2023-03-24T14:53:07.249820Z 0 [Note] Shutting down plugin 'INNODB_FT_BEING_DELETED'
2023-03-24T14:53:07.250429Z 0 [Note] Shutting down plugin 'INNODB_FT_DELETED'
2023-03-24T14:53:07.251142Z 0 [Note] Shutting down plugin 'INNODB_FT_DEFAULT_STOPWORD'
2023-03-24T14:53:07.251710Z 0 [Note] Shutting down plugin 'INNODB_METRICS'
2023-03-24T14:53:07.252337Z 0 [Note] Shutting down plugin 'INNODB_TEMP_TABLE_INFO'
2023-03-24T14:53:07.253038Z 0 [Note] Shutting down plugin 'INNODB_BUFFER_POOL_STATS'
2023-03-24T14:53:07.253604Z 0 [Note] Shutting down plugin 'INNODB_BUFFER_PAGE_LRU'
2023-03-24T14:53:07.254156Z 0 [Note] Shutting down plugin 'INNODB_BUFFER_PAGE'
2023-03-24T14:53:07.254691Z 0 [Note] Shutting down plugin 'INNODB_CMP_PER_INDEX_RESET'
2023-03-24T14:53:07.255187Z 0 [Note] Shutting down plugin 'INNODB_CMP_PER_INDEX'
2023-03-24T14:53:07.260517Z 0 [Note] Shutting down plugin 'INNODB_CMPMEM_RESET'
2023-03-24T14:53:07.262521Z 0 [Note] Shutting down plugin 'INNODB_CMPMEM'
2023-03-24T14:53:07.263834Z 0 [Note] Shutting down plugin 'INNODB_CMP_RESET'
2023-03-24T14:53:07.264576Z 0 [Note] Shutting down plugin 'INNODB_CMP'
2023-03-24T14:53:07.265458Z 0 [Note] Shutting down plugin 'INNODB_LOCK_WAITS'
2023-03-24T14:53:07.266212Z 0 [Note] Shutting down plugin 'INNODB_LOCKS'
2023-03-24T14:53:07.266738Z 0 [Note] Shutting down plugin 'INNODB_TRX'
2023-03-24T14:53:07.267460Z 0 [Note] Shutting down plugin 'InnoDB'
2023-03-24T14:53:07.268319Z 0 [Note] InnoDB: FTS optimize thread exiting.
2023-03-24T14:53:07.269093Z 0 [Note] InnoDB: Starting shutdown...
2023-03-24T14:53:07.375571Z 0 [Note] InnoDB: Dumping buffer pool(s) to /var/lib/mysql/ib_buffer_pool
2023-03-24T14:53:07.385008Z 0 [Note] InnoDB: Buffer pool(s) dump completed at 230324 23:53:07
2023-03-24T14:53:08.927789Z 0 [Note] InnoDB: Shutdown completed; log sequence number 12185718
2023-03-24T14:53:08.937048Z 0 [Note] InnoDB: Removed temporary tablespace data file: "ibtmp1"
2023-03-24T14:53:08.938882Z 0 [Note] Shutting down plugin 'MEMORY'
2023-03-24T14:53:08.939820Z 0 [Note] Shutting down plugin 'CSV'
2023-03-24T14:53:08.940554Z 0 [Note] Shutting down plugin 'sha256_password'
2023-03-24T14:53:08.941378Z 0 [Note] Shutting down plugin 'mysql_native_password'
2023-03-24T14:53:08.942417Z 0 [Note] Shutting down plugin 'binlog'
2023-03-24T14:53:08.947920Z 0 [Note] mysqld: Shutdown complete

2023-03-25T09:51:09.869479Z 0 [Warning] TIMESTAMP with implicit DEFAULT value is deprecated. Please use --explicit_defaults_for_timestamp server option (see documentation for more details).
2023-03-25T09:51:09.893339Z 0 [Note] mysqld (mysqld 5.7.41) starting as process 1 ...
2023-03-25T09:51:09.915090Z 0 [Warning] Setting lower_case_table_names=2 because file system for /var/lib/mysql/ is case insensitive
2023-03-25T09:51:09.937150Z 0 [Note] InnoDB: PUNCH HOLE support available
2023-03-25T09:51:09.938489Z 0 [Note] InnoDB: Mutexes and rw_locks use GCC atomic builtins
2023-03-25T09:51:09.939407Z 0 [Note] InnoDB: Uses event mutexes
2023-03-25T09:51:09.940351Z 0 [Note] InnoDB: GCC builtin __atomic_thread_fence() is used for memory barrier
2023-03-25T09:51:09.941189Z 0 [Note] InnoDB: Compressed tables use zlib 1.2.12
2023-03-25T09:51:09.942148Z 0 [Note] InnoDB: Using Linux native AIO
2023-03-25T09:51:09.943468Z 0 [Note] InnoDB: Number of pools: 1
2023-03-25T09:51:09.944595Z 0 [Note] InnoDB: Using CPU crc32 instructions
2023-03-25T09:51:09.947253Z 0 [Note] InnoDB: Initializing buffer pool, total size = 128M, instances = 1, chunk size = 128M
2023-03-25T09:51:09.967314Z 0 [Note] InnoDB: Completed initialization of buffer pool
2023-03-25T09:51:09.978389Z 0 [Note] InnoDB: If the mysqld execution user is authorized, page cleaner thread priority can be changed. See the man page of setpriority().
2023-03-25T09:51:10.089018Z 0 [Note] InnoDB: Highest supported file format is Barracuda.
2023-03-25T09:51:10.374216Z 0 [Note] InnoDB: Creating shared tablespace for temporary tables
2023-03-25T09:51:10.382274Z 0 [Note] InnoDB: Setting file './ibtmp1' size to 12 MB. Physically writing the file full; Please wait ...
2023-03-25T09:51:10.545756Z 0 [Note] InnoDB: File './ibtmp1' size is now 12 MB.
2023-03-25T09:51:10.564609Z 0 [Note] InnoDB: 96 redo rollback segment(s) found. 96 redo rollback segment(s) are active.
2023-03-25T09:51:10.566103Z 0 [Note] InnoDB: 32 non-redo rollback segment(s) are active.
2023-03-25T09:51:10.568978Z 0 [Note] InnoDB: Waiting for purge to start
2023-03-25T09:51:10.622127Z 0 [Note] InnoDB: 5.7.41 started; log sequence number 12185718
2023-03-25T09:51:10.624361Z 0 [Note] InnoDB: Loading buffer pool(s) from /var/lib/mysql/ib_buffer_pool
2023-03-25T09:51:10.624551Z 0 [Note] Plugin 'FEDERATED' is disabled.
2023-03-25T09:51:10.774224Z 0 [Note] Found ca.pem, server-cert.pem and server-key.pem in data directory. Trying to enable SSL support using them.
2023-03-25T09:51:10.776876Z 0 [Note] Skipping generation of SSL certificates as certificate files are present in data directory.
2023-03-25T09:51:10.781175Z 0 [Warning] A deprecated TLS version TLSv1 is enabled. Please use TLSv1.2 or higher.
2023-03-25T09:51:10.786230Z 0 [Warning] A deprecated TLS version TLSv1.1 is enabled. Please use TLSv1.2 or higher.
2023-03-25T09:51:10.844135Z 0 [Warning] CA certificate ca.pem is self signed.
2023-03-25T09:51:10.847439Z 0 [Note] Skipping generation of RSA key pair as key files are present in data directory.
2023-03-25T09:51:10.874082Z 0 [Note] Server hostname (bind-address): '*'; port: 3306
2023-03-25T09:51:10.876829Z 0 [Note] IPv6 is available.
2023-03-25T09:51:10.880054Z 0 [Note]   - '::' resolves to '::';
2023-03-25T09:51:10.883066Z 0 [Note] Server socket created on IP: '::'.
2023-03-25T09:51:10.891187Z 0 [Warning] Insecure configuration for --pid-file: Location '/var/run/mysqld' in the path is accessible to all OS users. Consider choosing a different directory.
2023-03-25T09:51:10.896005Z 0 [Note] InnoDB: Buffer pool(s) load completed at 230325 18:51:10
2023-03-25T09:51:11.561815Z 0 [Note] Event Scheduler: Loaded 0 events
2023-03-25T09:51:11.564480Z 0 [Note] mysqld: ready for connections.
Version: '5.7.41'  socket: '/var/run/mysqld/mysqld.sock'  port: 3306  MySQL Community Server (GPL)
